<?xml version="1.0" encoding="UTF-8"?>
<!-- Generated by org.testng.reporters.JUnitXMLReporter -->
<testsuite ignored="0" hostname="FDSPCpREyYPGKsA" failures="0" tests="4" name="Default test" time="4.975" errors="0" timestamp="2023-06-26T19:34:45 IST">
  <testcase classname="com.SeleniumCodeTest.SwagLabs" name="login" time="0.393"/>
  <testcase classname="com.SeleniumCodeTest.SwagLabs" name="sortProducts" time="0.496"/>
  <testcase classname="com.SeleniumCodeTest.SwagLabs" name="addProductsToCart" time="0.252"/>
  <testcase classname="com.SeleniumCodeTest.SwagLabs" name="gotoCart" time="0.192"/>
</testsuite> <!-- Default test -->
