<?xml version="1.0" encoding="UTF-8"?>
<testng-results ignored="0" total="4" passed="4" failed="0" skipped="0">
  <reporter-output>
  </reporter-output>
  <suite started-at="2023-06-26T19:34:40 IST" name="Default suite" finished-at="2023-06-26T19:34:45 IST" duration-ms="4975">
    <groups>
    </groups>
    <test started-at="2023-06-26T19:34:40 IST" name="Default test" finished-at="2023-06-26T19:34:45 IST" duration-ms="4975">
      <class name="com.SeleniumCodeTest.SwagLabs">
        <test-method is-config="true" signature="beforeTest()[pri:0, instance:com.SeleniumCodeTest.SwagLabs@19e4653c]" started-at="2023-06-26T19:34:40 IST" name="beforeTest" finished-at="2023-06-26T19:34:44 IST" duration-ms="3563" status="PASS">
          <reporter-output>
          </reporter-output>
        </test-method> <!-- beforeTest -->
        <test-method signature="login()[pri:-1, instance:com.SeleniumCodeTest.SwagLabs@19e4653c]" started-at="2023-06-26T19:34:44 IST" name="login" finished-at="2023-06-26T19:34:44 IST" duration-ms="393" status="PASS">
          <reporter-output>
          </reporter-output>
        </test-method> <!-- login -->
        <test-method signature="sortProducts()[pri:0, instance:com.SeleniumCodeTest.SwagLabs@19e4653c]" started-at="2023-06-26T19:34:44 IST" name="sortProducts" finished-at="2023-06-26T19:34:45 IST" duration-ms="496" status="PASS">
          <reporter-output>
          </reporter-output>
        </test-method> <!-- sortProducts -->
        <test-method signature="addProductsToCart()[pri:1, instance:com.SeleniumCodeTest.SwagLabs@19e4653c]" started-at="2023-06-26T19:34:45 IST" name="addProductsToCart" finished-at="2023-06-26T19:34:45 IST" duration-ms="252" status="PASS">
          <reporter-output>
          </reporter-output>
        </test-method> <!-- addProductsToCart -->
        <test-method signature="gotoCart()[pri:2, instance:com.SeleniumCodeTest.SwagLabs@19e4653c]" started-at="2023-06-26T19:34:45 IST" name="gotoCart" finished-at="2023-06-26T19:34:45 IST" duration-ms="192" status="PASS">
          <reporter-output>
          </reporter-output>
        </test-method> <!-- gotoCart -->
        <test-method is-config="true" signature="afterTest()[pri:0, instance:com.SeleniumCodeTest.SwagLabs@19e4653c]" started-at="2023-06-26T19:34:45 IST" name="afterTest" finished-at="2023-06-26T19:34:45 IST" duration-ms="0" status="PASS">
          <reporter-output>
          </reporter-output>
        </test-method> <!-- afterTest -->
      </class> <!-- com.SeleniumCodeTest.SwagLabs -->
    </test> <!-- Default test -->
  </suite> <!-- Default suite -->
</testng-results>
